<?xml version="1.0" encoding="UTF-8"?>
<!-- Generated by org.testng.reporters.JUnitXMLReporter -->
<testsuite ignored="3" hostname="DESKTOP-MCG8E6U" failures="0" tests="2" name="Car Loan" time="0.007" errors="0" timestamp="2023-06-01T16:45:42 IST">
  <testcase classname="test.basicTest" name="LoginAPICarLoan" time="0.001"/>
  <testcase classname="test.basicTest" name="WebloginCarLoan" time="0.002"/>
  <testcase classname="test.basicTest" name="MobileloginBikeLoan" time="0.0">
    <ignored/>
  </testcase> <!-- MobileloginBikeLoan -->
  <testcase classname="test.basicTest" name="MobileloginCarLoan" time="0.0">
    <ignored/>
  </testcase> <!-- MobileloginCarLoan -->
  <testcase classname="test.basicTest" name="MobileloginTruckLoan" time="0.0">
    <ignored/>
  </testcase> <!-- MobileloginTruckLoan -->
</testsuite> <!-- Car Loan -->
