<?xml version="1.0" encoding="UTF-8"?>
<!-- Generated by org.testng.reporters.JUnitXMLReporter -->
<testsuite ignored="1" hostname="DESKTOP-MCG8E6U" failures="0" tests="4" name="Test" time="0.087" errors="0" timestamp="2023-06-01T16:45:42 IST">
  <testcase classname="test.basics" name="secondDemo" time="0.008"/>
  <testcase classname="test.basicTest1" name="LoginAPIHomeLoan" time="0.002"/>
  <testcase classname="test.basicTest1" name="MobileloginHomeLoan" time="0.001"/>
  <testcase classname="test.basicTest1" name="WebloginHomeLoan" time="0.002"/>
  <testcase classname="test.basics" name="Demo" time="0.0">
    <ignored/>
  </testcase> <!-- Demo -->
</testsuite> <!-- Test -->
