<?xml version="1.0" encoding="UTF-8"?>
<testng-results ignored="4" total="10" passed="6" failed="0" skipped="0">
  <reporter-output>
  </reporter-output>
  <suite started-at="2023-06-01T16:45:42 IST" name="Suite" finished-at="2023-06-01T16:45:42 IST" duration-ms="187">
    <groups>
    </groups>
    <test started-at="2023-06-01T16:45:42 IST" name="Test" finished-at="2023-06-01T16:45:42 IST" duration-ms="87">
      <class name="test.basicTest1">
        <test-method is-config="true" signature="prerequiste()[pri:0, instance:test.basicTest1@1c93084c]" started-at="2023-06-01T16:45:42 IST" name="prerequiste" finished-at="2023-06-01T16:45:42 IST" duration-ms="12" status="PASS">
          <reporter-output>
          </reporter-output>
        </test-method> <!-- prerequiste -->
        <test-method signature="LoginAPIHomeLoan()[pri:0, instance:test.basicTest1@1c93084c]" started-at="2023-06-01T16:45:42 IST" name="LoginAPIHomeLoan" finished-at="2023-06-01T16:45:42 IST" duration-ms="2" status="PASS">
          <reporter-output>
          </reporter-output>
        </test-method> <!-- LoginAPIHomeLoan -->
        <test-method signature="MobileloginHomeLoan()[pri:0, instance:test.basicTest1@1c93084c]" started-at="2023-06-01T16:45:42 IST" name="MobileloginHomeLoan" finished-at="2023-06-01T16:45:42 IST" duration-ms="1" status="PASS">
          <reporter-output>
          </reporter-output>
        </test-method> <!-- MobileloginHomeLoan -->
        <test-method signature="WebloginHomeLoan()[pri:0, instance:test.basicTest1@1c93084c]" started-at="2023-06-01T16:45:42 IST" name="WebloginHomeLoan" finished-at="2023-06-01T16:45:42 IST" duration-ms="2" status="PASS">
          <reporter-output>
          </reporter-output>
        </test-method> <!-- WebloginHomeLoan -->
      </class> <!-- test.basicTest1 -->
      <class name="test.basics">
        <test-method signature="secondDemo()[pri:0, instance:test.basics@71b1176b]" started-at="2023-06-01T16:45:42 IST" name="secondDemo" finished-at="2023-06-01T16:45:42 IST" duration-ms="8" status="PASS">
          <reporter-output>
          </reporter-output>
        </test-method> <!-- secondDemo -->
      </class> <!-- test.basics -->
    </test> <!-- Test -->
    <test started-at="2023-06-01T16:45:42 IST" name="Car Loan" finished-at="2023-06-01T16:45:42 IST" duration-ms="7">
      <class name="test.basicTest">
        <test-method signature="LoginAPICarLoan()[pri:0, instance:test.basicTest@3d74bf60]" started-at="2023-06-01T16:45:42 IST" name="LoginAPICarLoan" finished-at="2023-06-01T16:45:42 IST" duration-ms="1" status="PASS">
          <reporter-output>
          </reporter-output>
        </test-method> <!-- LoginAPICarLoan -->
        <test-method signature="WebloginCarLoan()[pri:0, instance:test.basicTest@3d74bf60]" started-at="2023-06-01T16:45:42 IST" name="WebloginCarLoan" finished-at="2023-06-01T16:45:42 IST" duration-ms="2" status="PASS">
          <reporter-output>
          </reporter-output>
        </test-method> <!-- WebloginCarLoan -->
      </class> <!-- test.basicTest -->
    </test> <!-- Car Loan -->
  </suite> <!-- Suite -->
</testng-results>
